<?xml version="1.0" encoding="UTF-8"?>
<!-- Generated by org.testng.reporters.JUnitXMLReporter -->
<testsuite ignored="1" hostname="Uzzal_Das" failures="0" tests="1" name="Default test" time="0.048" errors="0" timestamp="2023-06-20T20:58:26 EDT">
  <testcase classname="coading.review.inter.contain" name="dividedNum" time="0.008"/>
  <testcase classname="coading.review.inter.contain" name="getNumbersFrom" time="0.0">
    <ignored/>
  </testcase> <!-- getNumbersFrom -->
</testsuite> <!-- Default test -->
