<?xml version="1.0" encoding="UTF-8"?>
<!-- Generated by org.testng.reporters.JUnitXMLReporter -->
<testsuite ignored="3" hostname="Uzzal_Das" failures="0" tests="2" name="Test" time="7.431" errors="0" timestamp="2023-05-28T15:28:24 EDT">
  <testcase classname="framework.testng.test.ParallalTesting" name="regressionTest" time="3.754"/>
  <testcase classname="framework.testng.test.SanityParallel" name="sanityTest" time="7.396"/>
  <testcase classname="framework.testng.test.ParallalTesting" name="sanityTest" time="0.0">
    <ignored/>
  </testcase> <!-- sanityTest -->
  <testcase classname="framework.testng.test.ParallalTesting" name="functionalTest" time="0.0">
    <ignored/>
  </testcase> <!-- functionalTest -->
  <testcase classname="framework.testng.test.ParallalTesting" name="smokeTest" time="0.0">
    <ignored/>
  </testcase> <!-- smokeTest -->
</testsuite> <!-- Test -->
