<?xml version="1.0" encoding="UTF-8"?>
<testng-results ignored="0" total="1" passed="1" failed="0" skipped="0">
  <reporter-output>
  </reporter-output>
  <suite started-at="2023-06-15T12:17:20 EDT" name="Default suite" finished-at="2023-06-15T12:17:20 EDT" duration-ms="71">
    <groups>
    </groups>
    <test started-at="2023-06-15T12:17:20 EDT" name="Default test" finished-at="2023-06-15T12:17:20 EDT" duration-ms="71">
      <class name="framework.testng.test.BasicAnnotation">
        <test-method is-config="true" signature="getBeforeSuit()[pri:0, instance:framework.testng.test.BasicAnnotation@2805d709]" started-at="2023-06-15T12:17:20 EDT" name="getBeforeSuit" finished-at="2023-06-15T12:17:20 EDT" duration-ms="14" status="PASS">
          <reporter-output>
          </reporter-output>
        </test-method> <!-- getBeforeSuit -->
        <test-method is-config="true" signature="getBeforeTest()[pri:0, instance:framework.testng.test.BasicAnnotation@2805d709]" started-at="2023-06-15T12:17:20 EDT" name="getBeforeTest" finished-at="2023-06-15T12:17:20 EDT" duration-ms="1" status="PASS">
          <reporter-output>
          </reporter-output>
        </test-method> <!-- getBeforeTest -->
        <test-method is-config="true" signature="getBeforeClass()[pri:0, instance:framework.testng.test.BasicAnnotation@2805d709]" started-at="2023-06-15T12:17:20 EDT" name="getBeforeClass" finished-at="2023-06-15T12:17:20 EDT" duration-ms="0" status="PASS">
          <reporter-output>
          </reporter-output>
        </test-method> <!-- getBeforeClass -->
        <test-method is-config="true" signature="getBeforeMethod()[pri:0, instance:framework.testng.test.BasicAnnotation@2805d709]" started-at="2023-06-15T12:17:20 EDT" name="getBeforeMethod" finished-at="2023-06-15T12:17:20 EDT" duration-ms="1" status="PASS">
          <reporter-output>
          </reporter-output>
        </test-method> <!-- getBeforeMethod -->
        <test-method signature="getTest()[pri:0, instance:framework.testng.test.BasicAnnotation@2805d709]" started-at="2023-06-15T12:17:20 EDT" name="getTest" finished-at="2023-06-15T12:17:20 EDT" duration-ms="9" status="PASS">
          <reporter-output>
          </reporter-output>
        </test-method> <!-- getTest -->
        <test-method is-config="true" signature="getAfterMethod()[pri:0, instance:framework.testng.test.BasicAnnotation@2805d709]" started-at="2023-06-15T12:17:20 EDT" name="getAfterMethod" finished-at="2023-06-15T12:17:20 EDT" duration-ms="0" status="PASS">
          <reporter-output>
          </reporter-output>
        </test-method> <!-- getAfterMethod -->
        <test-method is-config="true" signature="getAfterClass()[pri:0, instance:framework.testng.test.BasicAnnotation@2805d709]" started-at="2023-06-15T12:17:20 EDT" name="getAfterClass" finished-at="2023-06-15T12:17:20 EDT" duration-ms="0" status="PASS">
          <reporter-output>
          </reporter-output>
        </test-method> <!-- getAfterClass -->
        <test-method is-config="true" signature="getAfterTest()[pri:0, instance:framework.testng.test.BasicAnnotation@2805d709]" started-at="2023-06-15T12:17:20 EDT" name="getAfterTest" finished-at="2023-06-15T12:17:20 EDT" duration-ms="1" status="PASS">
          <reporter-output>
          </reporter-output>
        </test-method> <!-- getAfterTest -->
        <test-method is-config="true" signature="getAfterSuit()[pri:0, instance:framework.testng.test.BasicAnnotation@2805d709]" started-at="2023-06-15T12:17:20 EDT" name="getAfterSuit" finished-at="2023-06-15T12:17:20 EDT" duration-ms="0" status="PASS">
          <reporter-output>
          </reporter-output>
        </test-method> <!-- getAfterSuit -->
      </class> <!-- framework.testng.test.BasicAnnotation -->
    </test> <!-- Default test -->
  </suite> <!-- Default suite -->
</testng-results>
