<?xml version="1.0" encoding="UTF-8"?>
<testng-results ignored="1" total="2" passed="1" failed="0" skipped="0">
  <reporter-output>
  </reporter-output>
  <suite started-at="2023-06-20T20:58:26 EDT" name="Default suite" finished-at="2023-06-20T20:58:26 EDT" duration-ms="48">
    <groups>
    </groups>
    <test started-at="2023-06-20T20:58:26 EDT" name="Default test" finished-at="2023-06-20T20:58:26 EDT" duration-ms="48">
      <class name="coading.review.inter.contain">
        <test-method signature="dividedNum()[pri:0, instance:coading.review.inter.contain@6d4e5011]" started-at="2023-06-20T20:58:26 EDT" name="dividedNum" finished-at="2023-06-20T20:58:26 EDT" duration-ms="8" status="PASS">
          <reporter-output>
          </reporter-output>
        </test-method> <!-- dividedNum -->
      </class> <!-- coading.review.inter.contain -->
    </test> <!-- Default test -->
  </suite> <!-- Default suite -->
</testng-results>
